
> playground@1.0.0 start
> node index.js

07/04/2022, 21:59:10
Executing (default): DELETE FROM `UserRequests` WHERE `createdAt` <= '2022-04-07 15:58:10.814 +00:00'
07/04/2022, 22:00:10
Executing (default): DELETE FROM `UserRequests` WHERE `createdAt` <= '2022-04-07 15:59:10.871 +00:00'
07/04/2022, 22:01:10
Executing (default): DELETE FROM `UserRequests` WHERE `createdAt` <= '2022-04-07 16:00:10.935 +00:00'
07/04/2022, 22:02:10
Executing (default): DELETE FROM `UserRequests` WHERE `createdAt` <= '2022-04-07 16:01:10.989 +00:00'
07/04/2022, 22:03:10
Executing (default): DELETE FROM `UserRequests` WHERE `createdAt` <= '2022-04-07 16:02:10.028 +00:00'
07/04/2022, 22:04:10
Executing (default): DELETE FROM `UserRequests` WHERE `createdAt` <= '2022-04-07 16:03:10.076 +00:00'
07/04/2022, 22:05:10
Executing (default): DELETE FROM `UserRequests` WHERE `createdAt` <= '2022-04-07 16:04:10.151 +00:00'
Executing (default): SELECT `id`, `name`, `email`, `code`, `active`, `challenge`, `createdAt`, `updatedAt` FROM `Users` AS `User` WHERE `User`.`email` = 'jaka@rea.com' LIMIT 1;
07/04/2022, 22:06:10
Executing (default): DELETE FROM `UserRequests` WHERE `createdAt` <= '2022-04-07 16:05:10.197 +00:00'
07/04/2022, 22:07:10
Executing (default): DELETE FROM `UserRequests` WHERE `createdAt` <= '2022-04-07 16:06:10.241 +00:00'
07/04/2022, 22:08:10
Executing (default): DELETE FROM `UserRequests` WHERE `createdAt` <= '2022-04-07 16:07:10.288 +00:00'
07/04/2022, 22:09:10
Executing (default): DELETE FROM `UserRequests` WHERE `createdAt` <= '2022-04-07 16:08:10.332 +00:00'
07/04/2022, 22:10:10
Executing (default): DELETE FROM `UserRequests` WHERE `createdAt` <= '2022-04-07 16:09:10.400 +00:00'
07/04/2022, 22:11:10
Executing (default): DELETE FROM `UserRequests` WHERE `createdAt` <= '2022-04-07 16:10:10.439 +00:00'
07/04/2022, 22:12:10
Executing (default): DELETE FROM `UserRequests` WHERE `createdAt` <= '2022-04-07 16:11:10.502 +00:00'
07/04/2022, 22:13:10
Executing (default): DELETE FROM `UserRequests` WHERE `createdAt` <= '2022-04-07 16:12:10.568 +00:00'
07/04/2022, 22:14:10
Executing (default): DELETE FROM `UserRequests` WHERE `createdAt` <= '2022-04-07 16:13:10.643 +00:00'
07/04/2022, 22:15:10
Executing (default): DELETE FROM `UserRequests` WHERE `createdAt` <= '2022-04-07 16:14:10.717 +00:00'
07/04/2022, 22:16:10
Executing (default): DELETE FROM `UserRequests` WHERE `createdAt` <= '2022-04-07 16:15:10.795 +00:00'
07/04/2022, 22:17:10
Executing (default): DELETE FROM `UserRequests` WHERE `createdAt` <= '2022-04-07 16:16:10.866 +00:00'
07/04/2022, 22:18:10
Executing (default): DELETE FROM `UserRequests` WHERE `createdAt` <= '2022-04-07 16:17:10.934 +00:00'
07/04/2022, 22:19:10
Executing (default): DELETE FROM `UserRequests` WHERE `createdAt` <= '2022-04-07 16:18:10.010 +00:00'
07/04/2022, 22:20:10
Executing (default): DELETE FROM `UserRequests` WHERE `createdAt` <= '2022-04-07 16:19:10.087 +00:00'
07/04/2022, 22:21:10
Executing (default): DELETE FROM `UserRequests` WHERE `createdAt` <= '2022-04-07 16:20:10.168 +00:00'
07/04/2022, 22:22:10
Executing (default): DELETE FROM `UserRequests` WHERE `createdAt` <= '2022-04-07 16:21:10.237 +00:00'
07/04/2022, 22:25:10
Executing (default): DELETE FROM `UserRequests` WHERE `createdAt` <= '2022-04-07 16:24:10.864 +00:00'
07/04/2022, 22:26:10
Executing (default): DELETE FROM `UserRequests` WHERE `createdAt` <= '2022-04-07 16:25:10.908 +00:00'
07/04/2022, 22:27:10
Executing (default): DELETE FROM `UserRequests` WHERE `createdAt` <= '2022-04-07 16:26:10.965 +00:00'
07/04/2022, 22:28:10
Executing (default): DELETE FROM `UserRequests` WHERE `createdAt` <= '2022-04-07 16:27:10.030 +00:00'
Executing (default): SELECT `id`, `name`, `email`, `code`, `active`, `challenge`, `createdAt`, `updatedAt` FROM `Users` AS `User` WHERE `User`.`email` = 'sstar@yopmail.com' LIMIT 1;
07/04/2022, 22:29:10
Executing (default): DELETE FROM `UserRequests` WHERE `createdAt` <= '2022-04-07 16:28:10.092 +00:00'
Executing (default): SELECT `id`, `name`, `email`, `code`, `active`, `challenge`, `createdAt`, `updatedAt` FROM `Users` AS `User` WHERE `User`.`email` = 'sstar@yopmail.com' LIMIT 1;
07/04/2022, 22:30:10
Executing (default): DELETE FROM `UserRequests` WHERE `createdAt` <= '2022-04-07 16:29:10.168 +00:00'
Executing (default): INSERT INTO `UserRequests` (`id`,`type`,`uuid`,`data`,`createdAt`,`updatedAt`) VALUES (NULL,$1,$2,$3,$4,$5);
07/04/2022, 22:31:10
Executing (default): DELETE FROM `UserRequests` WHERE `createdAt` <= '2022-04-07 16:30:10.245 +00:00'
07/04/2022, 22:32:10
Executing (default): DELETE FROM `UserRequests` WHERE `createdAt` <= '2022-04-07 16:31:10.294 +00:00'
Executing (default): INSERT INTO `UserRequests` (`id`,`type`,`uuid`,`data`,`createdAt`,`updatedAt`) VALUES (NULL,$1,$2,$3,$4,$5);
07/04/2022, 22:33:10
Executing (default): DELETE FROM `UserRequests` WHERE `createdAt` <= '2022-04-07 16:32:10.359 +00:00'
07/04/2022, 22:34:10
Executing (default): DELETE FROM `UserRequests` WHERE `createdAt` <= '2022-04-07 16:33:10.420 +00:00'
07/04/2022, 22:35:10
Executing (default): DELETE FROM `UserRequests` WHERE `createdAt` <= '2022-04-07 16:34:10.475 +00:00'
07/04/2022, 22:36:10
Executing (default): DELETE FROM `UserRequests` WHERE `createdAt` <= '2022-04-07 16:35:10.537 +00:00'
Executing (default): INSERT INTO `UserRequests` (`id`,`type`,`uuid`,`data`,`createdAt`,`updatedAt`) VALUES (NULL,$1,$2,$3,$4,$5);
07/04/2022, 22:37:10
Executing (default): DELETE FROM `UserRequests` WHERE `createdAt` <= '2022-04-07 16:36:10.600 +00:00'
Executing (default): SELECT `id`, `name`, `email`, `code`, `active`, `challenge`, `createdAt`, `updatedAt` FROM `Users` AS `User` WHERE `User`.`email` = 'sstart@yopmail.com' LIMIT 1;
07/04/2022, 22:38:10
Executing (default): DELETE FROM `UserRequests` WHERE `createdAt` <= '2022-04-07 16:37:10.665 +00:00'
07/04/2022, 22:39:10
Executing (default): DELETE FROM `UserRequests` WHERE `createdAt` <= '2022-04-07 16:38:10.729 +00:00'
07/04/2022, 22:40:10
Executing (default): DELETE FROM `UserRequests` WHERE `createdAt` <= '2022-04-07 16:39:10.789 +00:00'
07/04/2022, 22:41:10
Executing (default): DELETE FROM `UserRequests` WHERE `createdAt` <= '2022-04-07 16:40:10.849 +00:00'
07/04/2022, 22:42:10
Executing (default): DELETE FROM `UserRequests` WHERE `createdAt` <= '2022-04-07 16:41:10.917 +00:00'
07/04/2022, 22:43:10
Executing (default): DELETE FROM `UserRequests` WHERE `createdAt` <= '2022-04-07 16:42:10.012 +00:00'
07/04/2022, 22:44:10
Executing (default): DELETE FROM `UserRequests` WHERE `createdAt` <= '2022-04-07 16:43:10.078 +00:00'
07/04/2022, 22:45:10
Executing (default): DELETE FROM `UserRequests` WHERE `createdAt` <= '2022-04-07 16:44:10.137 +00:00'
07/04/2022, 22:46:10
Executing (default): DELETE FROM `UserRequests` WHERE `createdAt` <= '2022-04-07 16:45:10.212 +00:00'
07/04/2022, 22:47:10
Executing (default): DELETE FROM `UserRequests` WHERE `createdAt` <= '2022-04-07 16:46:10.285 +00:00'
07/04/2022, 22:48:10
Executing (default): DELETE FROM `UserRequests` WHERE `createdAt` <= '2022-04-07 16:47:10.357 +00:00'
07/04/2022, 22:49:10
Executing (default): DELETE FROM `UserRequests` WHERE `createdAt` <= '2022-04-07 16:48:10.424 +00:00'
07/04/2022, 22:50:10
Executing (default): DELETE FROM `UserRequests` WHERE `createdAt` <= '2022-04-07 16:49:10.490 +00:00'
07/04/2022, 22:51:10
Executing (default): DELETE FROM `UserRequests` WHERE `createdAt` <= '2022-04-07 16:50:10.546 +00:00'
07/04/2022, 22:52:10
Executing (default): DELETE FROM `UserRequests` WHERE `createdAt` <= '2022-04-07 16:51:10.615 +00:00'
07/04/2022, 22:53:10
Executing (default): DELETE FROM `UserRequests` WHERE `createdAt` <= '2022-04-07 16:52:10.677 +00:00'
07/04/2022, 22:54:10
Executing (default): DELETE FROM `UserRequests` WHERE `createdAt` <= '2022-04-07 16:53:10.742 +00:00'
07/04/2022, 22:55:10
Executing (default): DELETE FROM `UserRequests` WHERE `createdAt` <= '2022-04-07 16:54:10.817 +00:00'
Executing (default): INSERT INTO `UserRequests` (`id`,`type`,`uuid`,`data`,`createdAt`,`updatedAt`) VALUES (NULL,$1,$2,$3,$4,$5);
07/04/2022, 22:56:10
Executing (default): DELETE FROM `UserRequests` WHERE `createdAt` <= '2022-04-07 16:55:10.883 +00:00'
07/04/2022, 22:57:10
Executing (default): DELETE FROM `UserRequests` WHERE `createdAt` <= '2022-04-07 16:56:10.952 +00:00'
Executing (default): INSERT INTO `UserRequests` (`id`,`type`,`uuid`,`data`,`createdAt`,`updatedAt`) VALUES (NULL,$1,$2,$3,$4,$5);
07/04/2022, 22:58:10
Executing (default): DELETE FROM `UserRequests` WHERE `createdAt` <= '2022-04-07 16:57:10.038 +00:00'
07/04/2022, 22:59:10
Executing (default): DELETE FROM `UserRequests` WHERE `createdAt` <= '2022-04-07 16:58:10.110 +00:00'
07/04/2022, 23:00:10
Executing (default): DELETE FROM `UserRequests` WHERE `createdAt` <= '2022-04-07 16:59:10.171 +00:00'
07/04/2022, 23:01:10
Executing (default): DELETE FROM `UserRequests` WHERE `createdAt` <= '2022-04-07 17:00:10.230 +00:00'
07/04/2022, 23:02:10
Executing (default): DELETE FROM `UserRequests` WHERE `createdAt` <= '2022-04-07 17:01:10.294 +00:00'
07/04/2022, 23:03:10
Executing (default): DELETE FROM `UserRequests` WHERE `createdAt` <= '2022-04-07 17:02:10.344 +00:00'
07/04/2022, 23:04:10
Executing (default): DELETE FROM `UserRequests` WHERE `createdAt` <= '2022-04-07 17:03:10.416 +00:00'
07/04/2022, 23:05:10
Executing (default): DELETE FROM `UserRequests` WHERE `createdAt` <= '2022-04-07 17:04:10.475 +00:00'
07/04/2022, 23:06:10
Executing (default): DELETE FROM `UserRequests` WHERE `createdAt` <= '2022-04-07 17:05:10.536 +00:00'
07/04/2022, 23:07:10
Executing (default): DELETE FROM `UserRequests` WHERE `createdAt` <= '2022-04-07 17:06:10.603 +00:00'
07/04/2022, 23:08:10
Executing (default): DELETE FROM `UserRequests` WHERE `createdAt` <= '2022-04-07 17:07:10.671 +00:00'
07/04/2022, 23:09:10
Executing (default): DELETE FROM `UserRequests` WHERE `createdAt` <= '2022-04-07 17:08:10.741 +00:00'
07/04/2022, 23:10:10
Executing (default): DELETE FROM `UserRequests` WHERE `createdAt` <= '2022-04-07 17:09:10.800 +00:00'
07/04/2022, 23:11:10
Executing (default): DELETE FROM `UserRequests` WHERE `createdAt` <= '2022-04-07 17:10:10.863 +00:00'
07/04/2022, 23:12:10
Executing (default): DELETE FROM `UserRequests` WHERE `createdAt` <= '2022-04-07 17:11:10.936 +00:00'
07/04/2022, 23:13:10
Executing (default): DELETE FROM `UserRequests` WHERE `createdAt` <= '2022-04-07 17:12:10.035 +00:00'
07/04/2022, 23:14:10
Executing (default): DELETE FROM `UserRequests` WHERE `createdAt` <= '2022-04-07 17:13:10.124 +00:00'
07/04/2022, 23:15:10
Executing (default): DELETE FROM `UserRequests` WHERE `createdAt` <= '2022-04-07 17:14:10.190 +00:00'
07/04/2022, 23:16:10
Executing (default): DELETE FROM `UserRequests` WHERE `createdAt` <= '2022-04-07 17:15:10.248 +00:00'
07/04/2022, 23:17:10
Executing (default): DELETE FROM `UserRequests` WHERE `createdAt` <= '2022-04-07 17:16:10.311 +00:00'
07/04/2022, 23:18:10
Executing (default): DELETE FROM `UserRequests` WHERE `createdAt` <= '2022-04-07 17:17:10.384 +00:00'
07/04/2022, 23:19:10
Executing (default): DELETE FROM `UserRequests` WHERE `createdAt` <= '2022-04-07 17:18:10.440 +00:00'
07/04/2022, 23:20:10
Executing (default): DELETE FROM `UserRequests` WHERE `createdAt` <= '2022-04-07 17:19:10.496 +00:00'
07/04/2022, 23:21:10
Executing (default): DELETE FROM `UserRequests` WHERE `createdAt` <= '2022-04-07 17:20:10.570 +00:00'
07/04/2022, 23:22:10
Executing (default): DELETE FROM `UserRequests` WHERE `createdAt` <= '2022-04-07 17:21:10.637 +00:00'
07/04/2022, 23:23:10
Executing (default): DELETE FROM `UserRequests` WHERE `createdAt` <= '2022-04-07 17:22:10.711 +00:00'
07/04/2022, 23:24:10
Executing (default): DELETE FROM `UserRequests` WHERE `createdAt` <= '2022-04-07 17:23:10.786 +00:00'
07/04/2022, 23:25:10
Executing (default): DELETE FROM `UserRequests` WHERE `createdAt` <= '2022-04-07 17:24:10.862 +00:00'
07/04/2022, 23:26:10
Executing (default): DELETE FROM `UserRequests` WHERE `createdAt` <= '2022-04-07 17:25:10.943 +00:00'
08/04/2022, 01:58:10
Executing (default): DELETE FROM `UserRequests` WHERE `createdAt` <= '2022-04-07 19:57:10.331 +00:00'
08/04/2022, 01:59:10
Executing (default): DELETE FROM `UserRequests` WHERE `createdAt` <= '2022-04-07 19:58:10.496 +00:00'
08/04/2022, 06:13:10
Executing (default): DELETE FROM `UserRequests` WHERE `createdAt` <= '2022-04-08 00:12:10.928 +00:00'
08/04/2022, 09:15:10
Executing (default): DELETE FROM `UserRequests` WHERE `createdAt` <= '2022-04-08 03:14:10.320 +00:00'
08/04/2022, 11:03:10
Executing (default): DELETE FROM `UserRequests` WHERE `createdAt` <= '2022-04-08 05:02:10.402 +00:00'
08/04/2022, 12:14:10
Executing (default): DELETE FROM `UserRequests` WHERE `createdAt` <= '2022-04-08 06:13:10.874 +00:00'

> playground@1.0.0 start
> node index.js

08/04/2022, 12:18:10
Executing (default): DELETE FROM `UserRequests` WHERE `createdAt` <= '2022-04-08 06:17:10.369 +00:00'
08/04/2022, 12:19:10
Executing (default): DELETE FROM `UserRequests` WHERE `createdAt` <= '2022-04-08 06:18:10.427 +00:00'
08/04/2022, 12:20:10
Executing (default): DELETE FROM `UserRequests` WHERE `createdAt` <= '2022-04-08 06:19:10.478 +00:00'
08/04/2022, 12:21:10
Executing (default): DELETE FROM `UserRequests` WHERE `createdAt` <= '2022-04-08 06:20:10.530 +00:00'
08/04/2022, 12:22:10
Executing (default): DELETE FROM `UserRequests` WHERE `createdAt` <= '2022-04-08 06:21:10.589 +00:00'
08/04/2022, 12:23:10
Executing (default): DELETE FROM `UserRequests` WHERE `createdAt` <= '2022-04-08 06:22:10.648 +00:00'
08/04/2022, 12:24:10
Executing (default): DELETE FROM `UserRequests` WHERE `createdAt` <= '2022-04-08 06:23:10.708 +00:00'
08/04/2022, 12:25:10
Executing (default): DELETE FROM `UserRequests` WHERE `createdAt` <= '2022-04-08 06:24:10.773 +00:00'
08/04/2022, 12:26:10
Executing (default): DELETE FROM `UserRequests` WHERE `createdAt` <= '2022-04-08 06:25:10.830 +00:00'
08/04/2022, 12:27:10
Executing (default): DELETE FROM `UserRequests` WHERE `createdAt` <= '2022-04-08 06:26:10.898 +00:00'
08/04/2022, 12:28:10
Executing (default): DELETE FROM `UserRequests` WHERE `createdAt` <= '2022-04-08 06:27:10.946 +00:00'
08/04/2022, 12:29:10
Executing (default): DELETE FROM `UserRequests` WHERE `createdAt` <= '2022-04-08 06:28:10.998 +00:00'
08/04/2022, 12:30:10
Executing (default): DELETE FROM `UserRequests` WHERE `createdAt` <= '2022-04-08 06:29:10.035 +00:00'
08/04/2022, 12:31:10
Executing (default): DELETE FROM `UserRequests` WHERE `createdAt` <= '2022-04-08 06:30:10.091 +00:00'
08/04/2022, 12:32:10
Executing (default): DELETE FROM `UserRequests` WHERE `createdAt` <= '2022-04-08 06:31:10.134 +00:00'
08/04/2022, 12:33:10
Executing (default): DELETE FROM `UserRequests` WHERE `createdAt` <= '2022-04-08 06:32:10.176 +00:00'
08/04/2022, 12:34:10
Executing (default): DELETE FROM `UserRequests` WHERE `createdAt` <= '2022-04-08 06:33:10.251 +00:00'
08/04/2022, 12:35:10
Executing (default): DELETE FROM `UserRequests` WHERE `createdAt` <= '2022-04-08 06:34:10.326 +00:00'
08/04/2022, 12:36:10
Executing (default): DELETE FROM `UserRequests` WHERE `createdAt` <= '2022-04-08 06:35:10.390 +00:00'
08/04/2022, 12:37:10
Executing (default): DELETE FROM `UserRequests` WHERE `createdAt` <= '2022-04-08 06:36:10.444 +00:00'
08/04/2022, 12:38:10
Executing (default): DELETE FROM `UserRequests` WHERE `createdAt` <= '2022-04-08 06:37:10.497 +00:00'
08/04/2022, 12:39:10
Executing (default): DELETE FROM `UserRequests` WHERE `createdAt` <= '2022-04-08 06:38:10.562 +00:00'
08/04/2022, 12:40:10
Executing (default): DELETE FROM `UserRequests` WHERE `createdAt` <= '2022-04-08 06:39:10.622 +00:00'
08/04/2022, 12:41:10
Executing (default): DELETE FROM `UserRequests` WHERE `createdAt` <= '2022-04-08 06:40:10.680 +00:00'
08/04/2022, 12:42:10
Executing (default): DELETE FROM `UserRequests` WHERE `createdAt` <= '2022-04-08 06:41:10.740 +00:00'
08/04/2022, 12:43:10
Executing (default): DELETE FROM `UserRequests` WHERE `createdAt` <= '2022-04-08 06:42:10.791 +00:00'
08/04/2022, 12:44:10
Executing (default): DELETE FROM `UserRequests` WHERE `createdAt` <= '2022-04-08 06:43:10.849 +00:00'
08/04/2022, 12:45:10
Executing (default): DELETE FROM `UserRequests` WHERE `createdAt` <= '2022-04-08 06:44:10.938 +00:00'
08/04/2022, 12:46:10
Executing (default): DELETE FROM `UserRequests` WHERE `createdAt` <= '2022-04-08 06:45:10.985 +00:00'
08/04/2022, 12:47:10
Executing (default): DELETE FROM `UserRequests` WHERE `createdAt` <= '2022-04-08 06:46:10.034 +00:00'
08/04/2022, 12:48:10
Executing (default): DELETE FROM `UserRequests` WHERE `createdAt` <= '2022-04-08 06:47:10.095 +00:00'
08/04/2022, 12:49:10
Executing (default): DELETE FROM `UserRequests` WHERE `createdAt` <= '2022-04-08 06:48:10.152 +00:00'
08/04/2022, 12:50:10
Executing (default): DELETE FROM `UserRequests` WHERE `createdAt` <= '2022-04-08 06:49:10.215 +00:00'
08/04/2022, 12:51:10
Executing (default): DELETE FROM `UserRequests` WHERE `createdAt` <= '2022-04-08 06:50:10.268 +00:00'
08/04/2022, 12:52:10
Executing (default): DELETE FROM `UserRequests` WHERE `createdAt` <= '2022-04-08 06:51:10.330 +00:00'
08/04/2022, 12:53:10
Executing (default): DELETE FROM `UserRequests` WHERE `createdAt` <= '2022-04-08 06:52:10.375 +00:00'
08/04/2022, 12:54:10
Executing (default): DELETE FROM `UserRequests` WHERE `createdAt` <= '2022-04-08 06:53:10.433 +00:00'
08/04/2022, 13:14:10
Executing (default): DELETE FROM `UserRequests` WHERE `createdAt` <= '2022-04-08 07:13:11.631 +00:00'
08/04/2022, 14:19:10
Executing (default): DELETE FROM `UserRequests` WHERE `createdAt` <= '2022-04-08 08:18:10.478 +00:00'
08/04/2022, 14:20:10
Executing (default): DELETE FROM `UserRequests` WHERE `createdAt` <= '2022-04-08 08:19:10.224 +00:00'
08/04/2022, 14:21:10
Executing (default): DELETE FROM `UserRequests` WHERE `createdAt` <= '2022-04-08 08:20:10.273 +00:00'
08/04/2022, 14:22:10
Executing (default): DELETE FROM `UserRequests` WHERE `createdAt` <= '2022-04-08 08:21:10.318 +00:00'
08/04/2022, 14:23:10
Executing (default): DELETE FROM `UserRequests` WHERE `createdAt` <= '2022-04-08 08:22:10.360 +00:00'
08/04/2022, 14:24:10
Executing (default): DELETE FROM `UserRequests` WHERE `createdAt` <= '2022-04-08 08:23:10.417 +00:00'
08/04/2022, 14:25:10
Executing (default): DELETE FROM `UserRequests` WHERE `createdAt` <= '2022-04-08 08:24:10.468 +00:00'
08/04/2022, 14:26:10
Executing (default): DELETE FROM `UserRequests` WHERE `createdAt` <= '2022-04-08 08:25:10.517 +00:00'
08/04/2022, 14:27:10
Executing (default): DELETE FROM `UserRequests` WHERE `createdAt` <= '2022-04-08 08:26:10.573 +00:00'
08/04/2022, 14:28:10
Executing (default): DELETE FROM `UserRequests` WHERE `createdAt` <= '2022-04-08 08:27:10.633 +00:00'
08/04/2022, 14:29:10
Executing (default): DELETE FROM `UserRequests` WHERE `createdAt` <= '2022-04-08 08:28:10.691 +00:00'
08/04/2022, 14:30:10
Executing (default): DELETE FROM `UserRequests` WHERE `createdAt` <= '2022-04-08 08:29:10.740 +00:00'
08/04/2022, 14:31:10
Executing (default): DELETE FROM `UserRequests` WHERE `createdAt` <= '2022-04-08 08:30:10.790 +00:00'
08/04/2022, 14:32:10
Executing (default): DELETE FROM `UserRequests` WHERE `createdAt` <= '2022-04-08 08:31:10.855 +00:00'
08/04/2022, 14:33:10
Executing (default): DELETE FROM `UserRequests` WHERE `createdAt` <= '2022-04-08 08:32:10.921 +00:00'
08/04/2022, 14:34:10
Executing (default): DELETE FROM `UserRequests` WHERE `createdAt` <= '2022-04-08 08:33:10.975 +00:00'
08/04/2022, 14:35:10
Executing (default): DELETE FROM `UserRequests` WHERE `createdAt` <= '2022-04-08 08:34:10.028 +00:00'
08/04/2022, 14:36:10
Executing (default): DELETE FROM `UserRequests` WHERE `createdAt` <= '2022-04-08 08:35:10.095 +00:00'
08/04/2022, 14:37:10
Executing (default): DELETE FROM `UserRequests` WHERE `createdAt` <= '2022-04-08 08:36:10.153 +00:00'
08/04/2022, 14:38:10
Executing (default): DELETE FROM `UserRequests` WHERE `createdAt` <= '2022-04-08 08:37:10.205 +00:00'
08/04/2022, 14:39:10
Executing (default): DELETE FROM `UserRequests` WHERE `createdAt` <= '2022-04-08 08:38:10.293 +00:00'
08/04/2022, 14:40:10
Executing (default): DELETE FROM `UserRequests` WHERE `createdAt` <= '2022-04-08 08:39:10.353 +00:00'
08/04/2022, 14:41:10
Executing (default): DELETE FROM `UserRequests` WHERE `createdAt` <= '2022-04-08 08:40:10.404 +00:00'
08/04/2022, 14:42:10
Executing (default): DELETE FROM `UserRequests` WHERE `createdAt` <= '2022-04-08 08:41:10.462 +00:00'
08/04/2022, 14:43:10
Executing (default): DELETE FROM `UserRequests` WHERE `createdAt` <= '2022-04-08 08:42:10.519 +00:00'
08/04/2022, 14:44:10
Executing (default): DELETE FROM `UserRequests` WHERE `createdAt` <= '2022-04-08 08:43:10.575 +00:00'
08/04/2022, 14:45:10
Executing (default): DELETE FROM `UserRequests` WHERE `createdAt` <= '2022-04-08 08:44:10.638 +00:00'
08/04/2022, 14:46:10
Executing (default): DELETE FROM `UserRequests` WHERE `createdAt` <= '2022-04-08 08:45:10.694 +00:00'
08/04/2022, 14:47:10
Executing (default): DELETE FROM `UserRequests` WHERE `createdAt` <= '2022-04-08 08:46:10.761 +00:00'
08/04/2022, 14:48:10
Executing (default): DELETE FROM `UserRequests` WHERE `createdAt` <= '2022-04-08 08:47:10.815 +00:00'
08/04/2022, 14:49:10
Executing (default): DELETE FROM `UserRequests` WHERE `createdAt` <= '2022-04-08 08:48:10.876 +00:00'
08/04/2022, 14:50:10
Executing (default): DELETE FROM `UserRequests` WHERE `createdAt` <= '2022-04-08 08:49:10.927 +00:00'
08/04/2022, 14:51:10
Executing (default): DELETE FROM `UserRequests` WHERE `createdAt` <= '2022-04-08 08:50:10.979 +00:00'
08/04/2022, 14:52:10
Executing (default): DELETE FROM `UserRequests` WHERE `createdAt` <= '2022-04-08 08:51:10.030 +00:00'
08/04/2022, 14:53:10
Executing (default): DELETE FROM `UserRequests` WHERE `createdAt` <= '2022-04-08 08:52:10.088 +00:00'
08/04/2022, 14:54:10
Executing (default): DELETE FROM `UserRequests` WHERE `createdAt` <= '2022-04-08 08:53:10.152 +00:00'
08/04/2022, 14:55:10
Executing (default): DELETE FROM `UserRequests` WHERE `createdAt` <= '2022-04-08 08:54:10.201 +00:00'
08/04/2022, 14:56:10
Executing (default): DELETE FROM `UserRequests` WHERE `createdAt` <= '2022-04-08 08:55:10.270 +00:00'
08/04/2022, 14:57:10
Executing (default): DELETE FROM `UserRequests` WHERE `createdAt` <= '2022-04-08 08:56:10.331 +00:00'
08/04/2022, 14:58:10
Executing (default): DELETE FROM `UserRequests` WHERE `createdAt` <= '2022-04-08 08:57:10.378 +00:00'
08/04/2022, 14:59:10
Executing (default): DELETE FROM `UserRequests` WHERE `createdAt` <= '2022-04-08 08:58:10.429 +00:00'
08/04/2022, 15:00:10
Executing (default): DELETE FROM `UserRequests` WHERE `createdAt` <= '2022-04-08 08:59:10.461 +00:00'
08/04/2022, 15:01:10
Executing (default): DELETE FROM `UserRequests` WHERE `createdAt` <= '2022-04-08 09:00:10.506 +00:00'
08/04/2022, 15:02:10
Executing (default): DELETE FROM `UserRequests` WHERE `createdAt` <= '2022-04-08 09:01:10.542 +00:00'
08/04/2022, 15:03:10
Executing (default): DELETE FROM `UserRequests` WHERE `createdAt` <= '2022-04-08 09:02:10.579 +00:00'
08/04/2022, 15:04:10
Executing (default): DELETE FROM `UserRequests` WHERE `createdAt` <= '2022-04-08 09:03:10.621 +00:00'
08/04/2022, 15:05:10
Executing (default): DELETE FROM `UserRequests` WHERE `createdAt` <= '2022-04-08 09:04:10.668 +00:00'
08/04/2022, 15:06:10
Executing (default): DELETE FROM `UserRequests` WHERE `createdAt` <= '2022-04-08 09:05:10.723 +00:00'
08/04/2022, 15:07:10
Executing (default): DELETE FROM `UserRequests` WHERE `createdAt` <= '2022-04-08 09:06:10.764 +00:00'
08/04/2022, 15:08:10
Executing (default): DELETE FROM `UserRequests` WHERE `createdAt` <= '2022-04-08 09:07:10.802 +00:00'
08/04/2022, 15:09:10
Executing (default): DELETE FROM `UserRequests` WHERE `createdAt` <= '2022-04-08 09:08:10.839 +00:00'
08/04/2022, 15:10:10
Executing (default): DELETE FROM `UserRequests` WHERE `createdAt` <= '2022-04-08 09:09:10.877 +00:00'
08/04/2022, 15:11:10
Executing (default): DELETE FROM `UserRequests` WHERE `createdAt` <= '2022-04-08 09:10:10.919 +00:00'
08/04/2022, 15:12:10
Executing (default): DELETE FROM `UserRequests` WHERE `createdAt` <= '2022-04-08 09:11:10.965 +00:00'
08/04/2022, 15:13:10
Executing (default): DELETE FROM `UserRequests` WHERE `createdAt` <= '2022-04-08 09:12:10.008 +00:00'
08/04/2022, 15:14:10
Executing (default): DELETE FROM `UserRequests` WHERE `createdAt` <= '2022-04-08 09:13:10.983 +00:00'
08/04/2022, 15:15:10
Executing (default): DELETE FROM `UserRequests` WHERE `createdAt` <= '2022-04-08 09:14:10.027 +00:00'
08/04/2022, 15:16:10
Executing (default): DELETE FROM `UserRequests` WHERE `createdAt` <= '2022-04-08 09:15:10.067 +00:00'
08/04/2022, 15:17:10
Executing (default): DELETE FROM `UserRequests` WHERE `createdAt` <= '2022-04-08 09:16:10.108 +00:00'
08/04/2022, 15:18:10
Executing (default): DELETE FROM `UserRequests` WHERE `createdAt` <= '2022-04-08 09:17:10.156 +00:00'
08/04/2022, 15:19:10
Executing (default): DELETE FROM `UserRequests` WHERE `createdAt` <= '2022-04-08 09:18:10.193 +00:00'
08/04/2022, 15:20:10
Executing (default): DELETE FROM `UserRequests` WHERE `createdAt` <= '2022-04-08 09:19:10.232 +00:00'
08/04/2022, 15:21:10
Executing (default): DELETE FROM `UserRequests` WHERE `createdAt` <= '2022-04-08 09:20:10.274 +00:00'
08/04/2022, 15:22:10
Executing (default): DELETE FROM `UserRequests` WHERE `createdAt` <= '2022-04-08 09:21:10.306 +00:00'
08/04/2022, 15:23:10
Executing (default): DELETE FROM `UserRequests` WHERE `createdAt` <= '2022-04-08 09:22:10.345 +00:00'
08/04/2022, 15:24:10
Executing (default): DELETE FROM `UserRequests` WHERE `createdAt` <= '2022-04-08 09:23:10.404 +00:00'
08/04/2022, 15:25:10
Executing (default): DELETE FROM `UserRequests` WHERE `createdAt` <= '2022-04-08 09:24:10.479 +00:00'
08/04/2022, 15:26:10
Executing (default): DELETE FROM `UserRequests` WHERE `createdAt` <= '2022-04-08 09:25:10.543 +00:00'
08/04/2022, 15:27:10
Executing (default): DELETE FROM `UserRequests` WHERE `createdAt` <= '2022-04-08 09:26:10.601 +00:00'
08/04/2022, 15:28:10
Executing (default): DELETE FROM `UserRequests` WHERE `createdAt` <= '2022-04-08 09:27:10.660 +00:00'
08/04/2022, 15:29:10
Executing (default): DELETE FROM `UserRequests` WHERE `createdAt` <= '2022-04-08 09:28:10.727 +00:00'
08/04/2022, 15:30:10
Executing (default): DELETE FROM `UserRequests` WHERE `createdAt` <= '2022-04-08 09:29:10.789 +00:00'
08/04/2022, 15:31:10
Executing (default): DELETE FROM `UserRequests` WHERE `createdAt` <= '2022-04-08 09:30:10.858 +00:00'
08/04/2022, 15:32:10
Executing (default): DELETE FROM `UserRequests` WHERE `createdAt` <= '2022-04-08 09:31:10.913 +00:00'
08/04/2022, 15:33:10
Executing (default): DELETE FROM `UserRequests` WHERE `createdAt` <= '2022-04-08 09:32:10.023 +00:00'
08/04/2022, 15:34:10
Executing (default): DELETE FROM `UserRequests` WHERE `createdAt` <= '2022-04-08 09:33:10.083 +00:00'
08/04/2022, 15:35:10
Executing (default): DELETE FROM `UserRequests` WHERE `createdAt` <= '2022-04-08 09:34:10.149 +00:00'
08/04/2022, 15:36:10
Executing (default): DELETE FROM `UserRequests` WHERE `createdAt` <= '2022-04-08 09:35:10.214 +00:00'
08/04/2022, 15:37:10
Executing (default): DELETE FROM `UserRequests` WHERE `createdAt` <= '2022-04-08 09:36:10.269 +00:00'
08/04/2022, 15:38:10
Executing (default): DELETE FROM `UserRequests` WHERE `createdAt` <= '2022-04-08 09:37:10.308 +00:00'
08/04/2022, 15:39:10
Executing (default): DELETE FROM `UserRequests` WHERE `createdAt` <= '2022-04-08 09:38:10.356 +00:00'
08/04/2022, 15:40:10
Executing (default): DELETE FROM `UserRequests` WHERE `createdAt` <= '2022-04-08 09:39:10.401 +00:00'
08/04/2022, 15:41:10
Executing (default): DELETE FROM `UserRequests` WHERE `createdAt` <= '2022-04-08 09:40:10.448 +00:00'
08/04/2022, 15:42:10
Executing (default): DELETE FROM `UserRequests` WHERE `createdAt` <= '2022-04-08 09:41:10.491 +00:00'
08/04/2022, 15:43:10
Executing (default): DELETE FROM `UserRequests` WHERE `createdAt` <= '2022-04-08 09:42:10.533 +00:00'
08/04/2022, 15:44:10
Executing (default): DELETE FROM `UserRequests` WHERE `createdAt` <= '2022-04-08 09:43:10.570 +00:00'
08/04/2022, 15:45:10
Executing (default): DELETE FROM `UserRequests` WHERE `createdAt` <= '2022-04-08 09:44:10.608 +00:00'
08/04/2022, 15:46:10
Executing (default): DELETE FROM `UserRequests` WHERE `createdAt` <= '2022-04-08 09:45:10.642 +00:00'
08/04/2022, 15:47:10
Executing (default): DELETE FROM `UserRequests` WHERE `createdAt` <= '2022-04-08 09:46:10.682 +00:00'
08/04/2022, 15:48:10
Executing (default): DELETE FROM `UserRequests` WHERE `createdAt` <= '2022-04-08 09:47:10.742 +00:00'
08/04/2022, 15:49:10
Executing (default): DELETE FROM `UserRequests` WHERE `createdAt` <= '2022-04-08 09:48:10.788 +00:00'
08/04/2022, 15:50:10
Executing (default): DELETE FROM `UserRequests` WHERE `createdAt` <= '2022-04-08 09:49:10.832 +00:00'
08/04/2022, 15:51:10
Executing (default): DELETE FROM `UserRequests` WHERE `createdAt` <= '2022-04-08 09:50:10.876 +00:00'
08/04/2022, 15:52:10
Executing (default): DELETE FROM `UserRequests` WHERE `createdAt` <= '2022-04-08 09:51:10.912 +00:00'
08/04/2022, 15:53:10
Executing (default): DELETE FROM `UserRequests` WHERE `createdAt` <= '2022-04-08 09:52:10.959 +00:00'
08/04/2022, 15:54:10
Executing (default): DELETE FROM `UserRequests` WHERE `createdAt` <= '2022-04-08 09:53:10.996 +00:00'
08/04/2022, 15:55:10
Executing (default): DELETE FROM `UserRequests` WHERE `createdAt` <= '2022-04-08 09:54:10.031 +00:00'
08/04/2022, 15:56:10
Executing (default): DELETE FROM `UserRequests` WHERE `createdAt` <= '2022-04-08 09:55:10.069 +00:00'
08/04/2022, 15:57:10
Executing (default): DELETE FROM `UserRequests` WHERE `createdAt` <= '2022-04-08 09:56:10.105 +00:00'
08/04/2022, 15:58:10
Executing (default): DELETE FROM `UserRequests` WHERE `createdAt` <= '2022-04-08 09:57:10.138 +00:00'
08/04/2022, 15:59:10
Executing (default): DELETE FROM `UserRequests` WHERE `createdAt` <= '2022-04-08 09:58:10.177 +00:00'
08/04/2022, 16:00:10
Executing (default): DELETE FROM `UserRequests` WHERE `createdAt` <= '2022-04-08 09:59:10.216 +00:00'
08/04/2022, 16:01:10
Executing (default): DELETE FROM `UserRequests` WHERE `createdAt` <= '2022-04-08 10:00:10.257 +00:00'
08/04/2022, 16:02:10
Executing (default): DELETE FROM `UserRequests` WHERE `createdAt` <= '2022-04-08 10:01:10.302 +00:00'
08/04/2022, 16:03:10
Executing (default): DELETE FROM `UserRequests` WHERE `createdAt` <= '2022-04-08 10:02:10.307 +00:00'
08/04/2022, 16:04:10
Executing (default): DELETE FROM `UserRequests` WHERE `createdAt` <= '2022-04-08 10:03:10.332 +00:00'
08/04/2022, 16:05:10
Executing (default): DELETE FROM `UserRequests` WHERE `createdAt` <= '2022-04-08 10:04:10.378 +00:00'
08/04/2022, 16:06:10
Executing (default): DELETE FROM `UserRequests` WHERE `createdAt` <= '2022-04-08 10:05:10.423 +00:00'
08/04/2022, 16:07:10
Executing (default): DELETE FROM `UserRequests` WHERE `createdAt` <= '2022-04-08 10:06:10.465 +00:00'
08/04/2022, 16:08:10
Executing (default): DELETE FROM `UserRequests` WHERE `createdAt` <= '2022-04-08 10:07:10.501 +00:00'
08/04/2022, 16:09:10
Executing (default): DELETE FROM `UserRequests` WHERE `createdAt` <= '2022-04-08 10:08:10.532 +00:00'
08/04/2022, 16:10:10
Executing (default): DELETE FROM `UserRequests` WHERE `createdAt` <= '2022-04-08 10:09:10.573 +00:00'
08/04/2022, 16:11:10
Executing (default): DELETE FROM `UserRequests` WHERE `createdAt` <= '2022-04-08 10:10:10.616 +00:00'
08/04/2022, 16:12:10
Executing (default): DELETE FROM `UserRequests` WHERE `createdAt` <= '2022-04-08 10:11:10.661 +00:00'
08/04/2022, 16:13:10
Executing (default): DELETE FROM `UserRequests` WHERE `createdAt` <= '2022-04-08 10:12:10.698 +00:00'
08/04/2022, 16:14:10
Executing (default): DELETE FROM `UserRequests` WHERE `createdAt` <= '2022-04-08 10:13:10.737 +00:00'
08/04/2022, 16:15:10
Executing (default): DELETE FROM `UserRequests` WHERE `createdAt` <= '2022-04-08 10:14:10.774 +00:00'
08/04/2022, 16:16:10
Executing (default): DELETE FROM `UserRequests` WHERE `createdAt` <= '2022-04-08 10:15:10.808 +00:00'
08/04/2022, 16:17:10
Executing (default): DELETE FROM `UserRequests` WHERE `createdAt` <= '2022-04-08 10:16:10.844 +00:00'
08/04/2022, 16:18:10
Executing (default): DELETE FROM `UserRequests` WHERE `createdAt` <= '2022-04-08 10:17:10.877 +00:00'
08/04/2022, 16:19:10
Executing (default): DELETE FROM `UserRequests` WHERE `createdAt` <= '2022-04-08 10:18:10.955 +00:00'
08/04/2022, 16:20:10
Executing (default): DELETE FROM `UserRequests` WHERE `createdAt` <= '2022-04-08 10:19:10.997 +00:00'
08/04/2022, 16:21:10
Executing (default): DELETE FROM `UserRequests` WHERE `createdAt` <= '2022-04-08 10:20:10.042 +00:00'
08/04/2022, 16:22:10
Executing (default): DELETE FROM `UserRequests` WHERE `createdAt` <= '2022-04-08 10:21:10.076 +00:00'
08/04/2022, 16:23:10
Executing (default): DELETE FROM `UserRequests` WHERE `createdAt` <= '2022-04-08 10:22:10.116 +00:00'
08/04/2022, 16:24:10
Executing (default): DELETE FROM `UserRequests` WHERE `createdAt` <= '2022-04-08 10:23:10.151 +00:00'
08/04/2022, 16:25:10
Executing (default): DELETE FROM `UserRequests` WHERE `createdAt` <= '2022-04-08 10:24:10.202 +00:00'
08/04/2022, 16:26:10
Executing (default): DELETE FROM `UserRequests` WHERE `createdAt` <= '2022-04-08 10:25:10.274 +00:00'
08/04/2022, 16:27:10
Executing (default): DELETE FROM `UserRequests` WHERE `createdAt` <= '2022-04-08 10:26:10.339 +00:00'
08/04/2022, 16:28:10
Executing (default): DELETE FROM `UserRequests` WHERE `createdAt` <= '2022-04-08 10:27:10.397 +00:00'
08/04/2022, 16:29:10
Executing (default): DELETE FROM `UserRequests` WHERE `createdAt` <= '2022-04-08 10:28:10.456 +00:00'
08/04/2022, 16:30:10
Executing (default): DELETE FROM `UserRequests` WHERE `createdAt` <= '2022-04-08 10:29:10.511 +00:00'
08/04/2022, 16:31:10
Executing (default): DELETE FROM `UserRequests` WHERE `createdAt` <= '2022-04-08 10:30:10.574 +00:00'
08/04/2022, 16:32:10
Executing (default): DELETE FROM `UserRequests` WHERE `createdAt` <= '2022-04-08 10:31:10.648 +00:00'
08/04/2022, 16:33:10
Executing (default): DELETE FROM `UserRequests` WHERE `createdAt` <= '2022-04-08 10:32:10.712 +00:00'
08/04/2022, 16:34:10
Executing (default): DELETE FROM `UserRequests` WHERE `createdAt` <= '2022-04-08 10:33:10.790 +00:00'
08/04/2022, 16:35:10
Executing (default): DELETE FROM `UserRequests` WHERE `createdAt` <= '2022-04-08 10:34:10.882 +00:00'
08/04/2022, 16:36:10
Executing (default): DELETE FROM `UserRequests` WHERE `createdAt` <= '2022-04-08 10:35:10.948 +00:00'
08/04/2022, 16:37:10
Executing (default): DELETE FROM `UserRequests` WHERE `createdAt` <= '2022-04-08 10:36:10.005 +00:00'
08/04/2022, 16:38:10
Executing (default): DELETE FROM `UserRequests` WHERE `createdAt` <= '2022-04-08 10:37:10.065 +00:00'
08/04/2022, 16:39:10
Executing (default): DELETE FROM `UserRequests` WHERE `createdAt` <= '2022-04-08 10:38:10.135 +00:00'
08/04/2022, 16:40:10
Executing (default): DELETE FROM `UserRequests` WHERE `createdAt` <= '2022-04-08 10:39:10.197 +00:00'
08/04/2022, 16:41:10
Executing (default): DELETE FROM `UserRequests` WHERE `createdAt` <= '2022-04-08 10:40:10.254 +00:00'
08/04/2022, 16:42:10
Executing (default): DELETE FROM `UserRequests` WHERE `createdAt` <= '2022-04-08 10:41:10.316 +00:00'
08/04/2022, 16:43:10
Executing (default): DELETE FROM `UserRequests` WHERE `createdAt` <= '2022-04-08 10:42:10.383 +00:00'
08/04/2022, 16:44:10
Executing (default): DELETE FROM `UserRequests` WHERE `createdAt` <= '2022-04-08 10:43:10.448 +00:00'
08/04/2022, 16:45:10
Executing (default): DELETE FROM `UserRequests` WHERE `createdAt` <= '2022-04-08 10:44:10.529 +00:00'
08/04/2022, 16:46:10
Executing (default): DELETE FROM `UserRequests` WHERE `createdAt` <= '2022-04-08 10:45:10.611 +00:00'
08/04/2022, 16:47:10
Executing (default): DELETE FROM `UserRequests` WHERE `createdAt` <= '2022-04-08 10:46:10.674 +00:00'
08/04/2022, 16:48:10
Executing (default): DELETE FROM `UserRequests` WHERE `createdAt` <= '2022-04-08 10:47:10.731 +00:00'
08/04/2022, 16:49:10
Executing (default): DELETE FROM `UserRequests` WHERE `createdAt` <= '2022-04-08 10:48:10.803 +00:00'
08/04/2022, 16:50:10
Executing (default): DELETE FROM `UserRequests` WHERE `createdAt` <= '2022-04-08 10:49:10.864 +00:00'
08/04/2022, 16:51:10
Executing (default): DELETE FROM `UserRequests` WHERE `createdAt` <= '2022-04-08 10:50:10.914 +00:00'
08/04/2022, 16:52:10
Executing (default): DELETE FROM `UserRequests` WHERE `createdAt` <= '2022-04-08 10:51:10.976 +00:00'
08/04/2022, 16:53:10
Executing (default): DELETE FROM `UserRequests` WHERE `createdAt` <= '2022-04-08 10:52:10.031 +00:00'
08/04/2022, 16:54:10
Executing (default): DELETE FROM `UserRequests` WHERE `createdAt` <= '2022-04-08 10:53:10.114 +00:00'
08/04/2022, 16:55:10
Executing (default): DELETE FROM `UserRequests` WHERE `createdAt` <= '2022-04-08 10:54:10.183 +00:00'
08/04/2022, 16:56:10
Executing (default): DELETE FROM `UserRequests` WHERE `createdAt` <= '2022-04-08 10:55:10.244 +00:00'
08/04/2022, 16:57:10
Executing (default): DELETE FROM `UserRequests` WHERE `createdAt` <= '2022-04-08 10:56:10.303 +00:00'
08/04/2022, 16:58:10
Executing (default): DELETE FROM `UserRequests` WHERE `createdAt` <= '2022-04-08 10:57:10.230 +00:00'
08/04/2022, 17:14:10
Executing (default): DELETE FROM `UserRequests` WHERE `createdAt` <= '2022-04-08 11:13:10.932 +00:00'
08/04/2022, 17:15:10
Executing (default): DELETE FROM `UserRequests` WHERE `createdAt` <= '2022-04-08 11:14:10.984 +00:00'
08/04/2022, 17:16:10
Executing (default): DELETE FROM `UserRequests` WHERE `createdAt` <= '2022-04-08 11:15:10.022 +00:00'
08/04/2022, 17:17:10
Executing (default): DELETE FROM `UserRequests` WHERE `createdAt` <= '2022-04-08 11:16:10.069 +00:00'
08/04/2022, 17:18:10
Executing (default): DELETE FROM `UserRequests` WHERE `createdAt` <= '2022-04-08 11:17:10.133 +00:00'
08/04/2022, 17:19:10
Executing (default): DELETE FROM `UserRequests` WHERE `createdAt` <= '2022-04-08 11:18:10.195 +00:00'

> playground@1.0.0 start
> node index.js

node:events:368
      throw er; // Unhandled 'error' event
      ^

Error: listen EADDRINUSE: address already in use :::9000
    at Server.setupListenHandle [as _listen2] (node:net:1334:16)
    at listenInCluster (node:net:1382:12)
    at Server.listen (node:net:1469:7)
    at Function.listen (/Users/jakareaparvez/job/playground/server/node_modules/express/lib/application.js:618:24)
    at Object.<anonymous> (/Users/jakareaparvez/job/playground/server/index.js:36:20)
    at Module._compile (node:internal/modules/cjs/loader:1101:14)
    at Object.Module._extensions..js (node:internal/modules/cjs/loader:1153:10)
    at Module.load (node:internal/modules/cjs/loader:981:32)
    at Function.Module._load (node:internal/modules/cjs/loader:822:12)
    at Function.executeUserEntryPoint [as runMain] (node:internal/modules/run_main:81:12)
Emitted 'error' event on Server instance at:
    at emitErrorNT (node:net:1361:8)
    at processTicksAndRejections (node:internal/process/task_queues:83:21) {
  code: 'EADDRINUSE',
  errno: -48,
  syscall: 'listen',
  address: '::',
  port: 9000
}
08/04/2022, 17:20:10
Executing (default): DELETE FROM `UserRequests` WHERE `createdAt` <= '2022-04-08 11:19:10.245 +00:00'
08/04/2022, 17:21:10
Executing (default): DELETE FROM `UserRequests` WHERE `createdAt` <= '2022-04-08 11:20:10.305 +00:00'
08/04/2022, 17:22:10
Executing (default): DELETE FROM `UserRequests` WHERE `createdAt` <= '2022-04-08 11:21:10.363 +00:00'
08/04/2022, 17:23:10
Executing (default): DELETE FROM `UserRequests` WHERE `createdAt` <= '2022-04-08 11:22:10.423 +00:00'
08/04/2022, 17:24:10
Executing (default): DELETE FROM `UserRequests` WHERE `createdAt` <= '2022-04-08 11:23:10.486 +00:00'
08/04/2022, 17:25:10
Executing (default): DELETE FROM `UserRequests` WHERE `createdAt` <= '2022-04-08 11:24:10.546 +00:00'
08/04/2022, 17:26:10
Executing (default): DELETE FROM `UserRequests` WHERE `createdAt` <= '2022-04-08 11:25:10.607 +00:00'
08/04/2022, 17:27:10
Executing (default): DELETE FROM `UserRequests` WHERE `createdAt` <= '2022-04-08 11:26:10.668 +00:00'
08/04/2022, 17:28:10
Executing (default): DELETE FROM `UserRequests` WHERE `createdAt` <= '2022-04-08 11:27:10.738 +00:00'
08/04/2022, 17:29:10
Executing (default): DELETE FROM `UserRequests` WHERE `createdAt` <= '2022-04-08 11:28:10.805 +00:00'
08/04/2022, 17:30:10
Executing (default): DELETE FROM `UserRequests` WHERE `createdAt` <= '2022-04-08 11:29:10.863 +00:00'
08/04/2022, 17:31:10
Executing (default): DELETE FROM `UserRequests` WHERE `createdAt` <= '2022-04-08 11:30:10.923 +00:00'
08/04/2022, 17:32:10
Executing (default): DELETE FROM `UserRequests` WHERE `createdAt` <= '2022-04-08 11:31:10.008 +00:00'
08/04/2022, 17:33:10
Executing (default): DELETE FROM `UserRequests` WHERE `createdAt` <= '2022-04-08 11:32:10.082 +00:00'
08/04/2022, 17:34:10
Executing (default): DELETE FROM `UserRequests` WHERE `createdAt` <= '2022-04-08 11:33:10.153 +00:00'
08/04/2022, 17:35:10
Executing (default): DELETE FROM `UserRequests` WHERE `createdAt` <= '2022-04-08 11:34:10.204 +00:00'
08/04/2022, 17:36:10
Executing (default): DELETE FROM `UserRequests` WHERE `createdAt` <= '2022-04-08 11:35:10.260 +00:00'
08/04/2022, 17:37:10
Executing (default): DELETE FROM `UserRequests` WHERE `createdAt` <= '2022-04-08 11:36:10.318 +00:00'
08/04/2022, 17:38:10
Executing (default): DELETE FROM `UserRequests` WHERE `createdAt` <= '2022-04-08 11:37:10.394 +00:00'
08/04/2022, 17:39:10
Executing (default): DELETE FROM `UserRequests` WHERE `createdAt` <= '2022-04-08 11:38:10.459 +00:00'
08/04/2022, 17:40:10
Executing (default): DELETE FROM `UserRequests` WHERE `createdAt` <= '2022-04-08 11:39:10.524 +00:00'
08/04/2022, 17:41:10
Executing (default): DELETE FROM `UserRequests` WHERE `createdAt` <= '2022-04-08 11:40:10.596 +00:00'
08/04/2022, 17:42:10
Executing (default): DELETE FROM `UserRequests` WHERE `createdAt` <= '2022-04-08 11:41:10.662 +00:00'
08/04/2022, 17:43:10
Executing (default): DELETE FROM `UserRequests` WHERE `createdAt` <= '2022-04-08 11:42:10.737 +00:00'
08/04/2022, 17:44:10
Executing (default): DELETE FROM `UserRequests` WHERE `createdAt` <= '2022-04-08 11:43:10.804 +00:00'
08/04/2022, 17:45:10
Executing (default): DELETE FROM `UserRequests` WHERE `createdAt` <= '2022-04-08 11:44:10.874 +00:00'
08/04/2022, 17:46:10
Executing (default): DELETE FROM `UserRequests` WHERE `createdAt` <= '2022-04-08 11:45:10.944 +00:00'
08/04/2022, 17:47:10
Executing (default): DELETE FROM `UserRequests` WHERE `createdAt` <= '2022-04-08 11:46:10.006 +00:00'
08/04/2022, 17:48:10
Executing (default): DELETE FROM `UserRequests` WHERE `createdAt` <= '2022-04-08 11:47:10.039 +00:00'
08/04/2022, 17:49:10
Executing (default): DELETE FROM `UserRequests` WHERE `createdAt` <= '2022-04-08 11:48:10.095 +00:00'
08/04/2022, 17:50:10
Executing (default): DELETE FROM `UserRequests` WHERE `createdAt` <= '2022-04-08 11:49:10.165 +00:00'
08/04/2022, 17:51:10
Executing (default): DELETE FROM `UserRequests` WHERE `createdAt` <= '2022-04-08 11:50:10.221 +00:00'
